{"C:\\Users\\talon\\Desktop\\mrnode\\tests\\test.js":{"path":"C:\\Users\\talon\\Desktop\\mrnode\\tests\\test.js","s":{"1":1,"2":1,"3":1,"4":1,"5":1,"6":1,"7":1,"8":1,"9":1,"10":1,"11":1,"12":1,"13":1,"14":0,"15":0,"16":0,"17":0,"18":1,"19":0,"20":0,"21":0,"22":0,"23":0,"24":0,"25":0,"26":0,"27":1,"28":0,"29":0,"30":0,"31":0,"32":0,"33":0,"34":0,"35":1,"36":0,"37":0,"38":0,"39":0,"40":0,"41":0,"42":0,"43":1,"44":0,"45":0,"46":0,"47":0,"48":0,"49":0,"50":0,"51":1,"52":0,"53":0,"54":0,"55":0,"56":0,"57":0,"58":0,"59":1,"60":0,"61":0,"62":0,"63":0,"64":0,"65":0,"66":0,"67":0,"68":1,"69":0,"70":0,"71":0,"72":0,"73":0},"b":{"1":[0,0],"2":[0,0],"3":[0,0],"4":[0,0],"5":[0,0],"6":[0,0],"7":[0,0],"8":[0,0],"9":[0,0],"10":[0,0],"11":[0,0],"12":[0,0],"13":[0,0],"14":[0,0]},"f":{"1":0,"2":0,"3":0,"4":0,"5":0,"6":0,"7":0,"8":0,"9":0,"10":0,"11":0,"12":0,"13":0,"14":0,"15":0},"fnMap":{"1":{"name":"(anonymous_1)","line":20,"loc":{"start":{"line":20,"column":16},"end":{"line":20,"column":42}}},"2":{"name":"(anonymous_2)","line":21,"loc":{"start":{"line":21,"column":96},"end":{"line":21,"column":110}}},"3":{"name":"(anonymous_3)","line":28,"loc":{"start":{"line":28,"column":14},"end":{"line":28,"column":35}}},"4":{"name":"(anonymous_4)","line":29,"loc":{"start":{"line":29,"column":22},"end":{"line":29,"column":33}}},"5":{"name":"(anonymous_5)","line":46,"loc":{"start":{"line":46,"column":18},"end":{"line":46,"column":39}}},"6":{"name":"(anonymous_6)","line":47,"loc":{"start":{"line":47,"column":24},"end":{"line":47,"column":35}}},"7":{"name":"(anonymous_7)","line":60,"loc":{"start":{"line":60,"column":19},"end":{"line":60,"column":40}}},"8":{"name":"(anonymous_8)","line":61,"loc":{"start":{"line":61,"column":24},"end":{"line":61,"column":35}}},"9":{"name":"(anonymous_9)","line":78,"loc":{"start":{"line":78,"column":18},"end":{"line":78,"column":39}}},"10":{"name":"(anonymous_10)","line":79,"loc":{"start":{"line":79,"column":26},"end":{"line":79,"column":37}}},"11":{"name":"(anonymous_11)","line":95,"loc":{"start":{"line":95,"column":15},"end":{"line":95,"column":36}}},"12":{"name":"(anonymous_12)","line":96,"loc":{"start":{"line":96,"column":22},"end":{"line":96,"column":33}}},"13":{"name":"(anonymous_13)","line":110,"loc":{"start":{"line":110,"column":18},"end":{"line":110,"column":54}}},"14":{"name":"(anonymous_14)","line":125,"loc":{"start":{"line":125,"column":22},"end":{"line":125,"column":37}}},"15":{"name":"(anonymous_15)","line":128,"loc":{"start":{"line":128,"column":22},"end":{"line":128,"column":50}}}},"statementMap":{"1":{"start":{"line":6,"column":0},"end":{"line":6,"column":23}},"2":{"start":{"line":7,"column":0},"end":{"line":7,"column":27}},"3":{"start":{"line":8,"column":0},"end":{"line":8,"column":36}},"4":{"start":{"line":9,"column":0},"end":{"line":9,"column":27}},"5":{"start":{"line":10,"column":0},"end":{"line":10,"column":38}},"6":{"start":{"line":11,"column":0},"end":{"line":11,"column":43}},"7":{"start":{"line":12,"column":0},"end":{"line":12,"column":25}},"8":{"start":{"line":13,"column":0},"end":{"line":13,"column":40}},"9":{"start":{"line":14,"column":0},"end":{"line":14,"column":40}},"10":{"start":{"line":15,"column":0},"end":{"line":15,"column":32}},"11":{"start":{"line":16,"column":0},"end":{"line":16,"column":36}},"12":{"start":{"line":17,"column":0},"end":{"line":17,"column":28}},"13":{"start":{"line":20,"column":0},"end":{"line":25,"column":2}},"14":{"start":{"line":21,"column":4},"end":{"line":24,"column":7}},"15":{"start":{"line":22,"column":8},"end":{"line":22,"column":41}},"16":{"start":{"line":22,"column":17},"end":{"line":22,"column":41}},"17":{"start":{"line":23,"column":8},"end":{"line":23,"column":36}},"18":{"start":{"line":28,"column":0},"end":{"line":45,"column":2}},"19":{"start":{"line":29,"column":4},"end":{"line":41,"column":7}},"20":{"start":{"line":30,"column":8},"end":{"line":33,"column":35}},"21":{"start":{"line":34,"column":8},"end":{"line":40,"column":9}},"22":{"start":{"line":35,"column":12},"end":{"line":35,"column":53}},"23":{"start":{"line":36,"column":15},"end":{"line":40,"column":9}},"24":{"start":{"line":37,"column":12},"end":{"line":37,"column":52}},"25":{"start":{"line":39,"column":12},"end":{"line":39,"column":49}},"26":{"start":{"line":44,"column":4},"end":{"line":44,"column":40}},"27":{"start":{"line":46,"column":0},"end":{"line":59,"column":2}},"28":{"start":{"line":47,"column":4},"end":{"line":51,"column":7}},"29":{"start":{"line":48,"column":8},"end":{"line":50,"column":34}},"30":{"start":{"line":52,"column":4},"end":{"line":58,"column":5}},"31":{"start":{"line":53,"column":8},"end":{"line":53,"column":49}},"32":{"start":{"line":54,"column":11},"end":{"line":58,"column":5}},"33":{"start":{"line":55,"column":8},"end":{"line":55,"column":55}},"34":{"start":{"line":57,"column":8},"end":{"line":57,"column":47}},"35":{"start":{"line":60,"column":0},"end":{"line":76,"column":2}},"36":{"start":{"line":61,"column":4},"end":{"line":68,"column":7}},"37":{"start":{"line":62,"column":8},"end":{"line":67,"column":35}},"38":{"start":{"line":69,"column":4},"end":{"line":75,"column":5}},"39":{"start":{"line":70,"column":8},"end":{"line":70,"column":49}},"40":{"start":{"line":71,"column":11},"end":{"line":75,"column":5}},"41":{"start":{"line":72,"column":8},"end":{"line":72,"column":55}},"42":{"start":{"line":74,"column":8},"end":{"line":74,"column":47}},"43":{"start":{"line":78,"column":0},"end":{"line":93,"column":2}},"44":{"start":{"line":79,"column":4},"end":{"line":85,"column":7}},"45":{"start":{"line":80,"column":8},"end":{"line":84,"column":34}},"46":{"start":{"line":86,"column":4},"end":{"line":92,"column":5}},"47":{"start":{"line":87,"column":8},"end":{"line":87,"column":48}},"48":{"start":{"line":88,"column":11},"end":{"line":92,"column":5}},"49":{"start":{"line":89,"column":8},"end":{"line":89,"column":56}},"50":{"start":{"line":91,"column":8},"end":{"line":91,"column":49}},"51":{"start":{"line":95,"column":0},"end":{"line":109,"column":2}},"52":{"start":{"line":96,"column":4},"end":{"line":100,"column":7}},"53":{"start":{"line":97,"column":8},"end":{"line":99,"column":34}},"54":{"start":{"line":101,"column":4},"end":{"line":103,"column":5}},"55":{"start":{"line":102,"column":8},"end":{"line":102,"column":49}},"56":{"start":{"line":104,"column":4},"end":{"line":108,"column":5}},"57":{"start":{"line":105,"column":8},"end":{"line":105,"column":56}},"58":{"start":{"line":107,"column":8},"end":{"line":107,"column":57}},"59":{"start":{"line":110,"column":0},"end":{"line":123,"column":2}},"60":{"start":{"line":111,"column":4},"end":{"line":113,"column":37}},"61":{"start":{"line":114,"column":4},"end":{"line":122,"column":5}},"62":{"start":{"line":115,"column":8},"end":{"line":115,"column":49}},"63":{"start":{"line":116,"column":11},"end":{"line":122,"column":5}},"64":{"start":{"line":117,"column":8},"end":{"line":117,"column":43}},"65":{"start":{"line":118,"column":11},"end":{"line":122,"column":5}},"66":{"start":{"line":119,"column":8},"end":{"line":119,"column":53}},"67":{"start":{"line":121,"column":8},"end":{"line":121,"column":46}},"68":{"start":{"line":125,"column":0},"end":{"line":143,"column":2}},"69":{"start":{"line":126,"column":4},"end":{"line":126,"column":31}},"70":{"start":{"line":128,"column":4},"end":{"line":139,"column":20}},"71":{"start":{"line":133,"column":8},"end":{"line":135,"column":11}},"72":{"start":{"line":138,"column":8},"end":{"line":138,"column":40}},"73":{"start":{"line":142,"column":4},"end":{"line":142,"column":68}}},"branchMap":{"1":{"line":22,"type":"if","locations":[{"start":{"line":22,"column":8},"end":{"line":22,"column":8}},{"start":{"line":22,"column":8},"end":{"line":22,"column":8}}]},"2":{"line":34,"type":"if","locations":[{"start":{"line":34,"column":8},"end":{"line":34,"column":8}},{"start":{"line":34,"column":8},"end":{"line":34,"column":8}}]},"3":{"line":36,"type":"if","locations":[{"start":{"line":36,"column":15},"end":{"line":36,"column":15}},{"start":{"line":36,"column":15},"end":{"line":36,"column":15}}]},"4":{"line":52,"type":"if","locations":[{"start":{"line":52,"column":4},"end":{"line":52,"column":4}},{"start":{"line":52,"column":4},"end":{"line":52,"column":4}}]},"5":{"line":54,"type":"if","locations":[{"start":{"line":54,"column":11},"end":{"line":54,"column":11}},{"start":{"line":54,"column":11},"end":{"line":54,"column":11}}]},"6":{"line":69,"type":"if","locations":[{"start":{"line":69,"column":4},"end":{"line":69,"column":4}},{"start":{"line":69,"column":4},"end":{"line":69,"column":4}}]},"7":{"line":71,"type":"if","locations":[{"start":{"line":71,"column":11},"end":{"line":71,"column":11}},{"start":{"line":71,"column":11},"end":{"line":71,"column":11}}]},"8":{"line":86,"type":"if","locations":[{"start":{"line":86,"column":4},"end":{"line":86,"column":4}},{"start":{"line":86,"column":4},"end":{"line":86,"column":4}}]},"9":{"line":88,"type":"if","locations":[{"start":{"line":88,"column":11},"end":{"line":88,"column":11}},{"start":{"line":88,"column":11},"end":{"line":88,"column":11}}]},"10":{"line":101,"type":"if","locations":[{"start":{"line":101,"column":4},"end":{"line":101,"column":4}},{"start":{"line":101,"column":4},"end":{"line":101,"column":4}}]},"11":{"line":104,"type":"if","locations":[{"start":{"line":104,"column":4},"end":{"line":104,"column":4}},{"start":{"line":104,"column":4},"end":{"line":104,"column":4}}]},"12":{"line":114,"type":"if","locations":[{"start":{"line":114,"column":4},"end":{"line":114,"column":4}},{"start":{"line":114,"column":4},"end":{"line":114,"column":4}}]},"13":{"line":116,"type":"if","locations":[{"start":{"line":116,"column":11},"end":{"line":116,"column":11}},{"start":{"line":116,"column":11},"end":{"line":116,"column":11}}]},"14":{"line":118,"type":"if","locations":[{"start":{"line":118,"column":11},"end":{"line":118,"column":11}},{"start":{"line":118,"column":11},"end":{"line":118,"column":11}}]}}}}